[INFO ] 2023-01-29 13:01:34.908 [main] MyShopV1 - Url Opened
[INFO ] 2023-01-29 13:01:35.103 [main] MyShopV1 - Account and List hover
[INFO ] 2023-01-29 13:01:36.443 [main] MyShopV1 - Sign in button is clicked
[INFO ] 2023-01-29 13:01:36.545 [main] MyShopV1 - Email or mobile phone number entered
[INFO ] 2023-01-29 13:01:38.188 [main] MyShopV1 - Clicked on Continue button
[INFO ] 2023-01-29 13:01:38.243 [main] MyShopV1 - Enetered password
[INFO ] 2023-01-29 13:01:38.330 [main] MyShopV1 - Clicked on Sign in button
[INFO ] 2023-01-29 13:01:41.535 [main] MyShopV1 - Logged in with registered user
[INFO ] 2023-01-29 13:01:41.675 [main] MyShopV1 - Account and List hover
[INFO ] 2023-01-29 13:01:43.467 [main] MyShopV1 - Sign out button is clicked
[INFO ] 2023-01-29 15:49:43.699 [main] MyShopV1 - Url Opened
[INFO ] 2023-01-29 15:49:43.891 [main] MyShopV1 - Account and List hover
[INFO ] 2023-01-29 15:49:45.713 [main] MyShopV1 - Sign in button is clicked
[INFO ] 2023-01-29 15:49:45.782 [main] MyShopV1 - Email or mobile phone number entered
[INFO ] 2023-01-29 15:49:47.571 [main] MyShopV1 - Clicked on Continue button
[INFO ] 2023-01-29 15:49:47.617 [main] MyShopV1 - Enetered password
[INFO ] 2023-01-29 15:49:47.707 [main] MyShopV1 - Clicked on Sign in button
[INFO ] 2023-01-29 15:49:51.156 [main] MyShopV1 - Logged in with registered user
[INFO ] 2023-01-29 15:49:51.318 [main] MyShopV1 - Account and List hover
[INFO ] 2023-01-29 15:49:53.075 [main] MyShopV1 - Sign out button is clicked
[INFO ] 2023-01-29 16:29:55.252 [main] MyShopV1 - Url Opened
[INFO ] 2023-01-29 16:29:55.461 [main] MyShopV1 - Account and List hover
[INFO ] 2023-01-29 16:29:56.760 [main] MyShopV1 - Sign in button is clicked
[INFO ] 2023-01-29 16:29:56.920 [main] MyShopV1 - Email or mobile phone number entered
[INFO ] 2023-01-29 16:29:58.803 [main] MyShopV1 - Clicked on Continue button
[INFO ] 2023-01-29 16:29:58.862 [main] MyShopV1 - Enetered password
[INFO ] 2023-01-29 16:29:58.991 [main] MyShopV1 - Clicked on Sign in button
[INFO ] 2023-01-29 16:30:01.478 [main] MyShopV1 - Logged in with registered user
[INFO ] 2023-01-29 16:30:01.683 [main] MyShopV1 - Account and List hover
[INFO ] 2023-01-29 16:30:04.275 [main] MyShopV1 - Sign out button is clicked
[INFO ] 2023-01-29 16:35:52.336 [main] MyShopV1 - Url Opened
[INFO ] 2023-01-29 16:35:52.521 [main] MyShopV1 - Account and List hover
[INFO ] 2023-01-29 16:35:54.348 [main] MyShopV1 - Sign in button is clicked
[INFO ] 2023-01-29 16:35:54.416 [main] MyShopV1 - Email or mobile phone number entered
[INFO ] 2023-01-29 16:35:56.241 [main] MyShopV1 - Clicked on Continue button
[INFO ] 2023-01-29 16:35:56.282 [main] MyShopV1 - Enetered password
[INFO ] 2023-01-29 16:35:56.349 [main] MyShopV1 - Clicked on Sign in button
[INFO ] 2023-01-29 16:35:59.059 [main] MyShopV1 - Logged in with registered user
[INFO ] 2023-01-29 16:35:59.226 [main] MyShopV1 - Account and List hover
[INFO ] 2023-01-29 16:36:01.384 [main] MyShopV1 - Sign out button is clicked
[INFO ] 2023-02-16 15:21:23.488 [main] MyShopV1 - Url Opened
[INFO ] 2023-02-16 15:21:23.760 [main] MyShopV1 - Account and List hover
[INFO ] 2023-02-16 15:21:24.387 [main] MyShopV1 - Sign in button is clicked
[INFO ] 2023-02-16 15:21:24.483 [main] MyShopV1 - Email or mobile phone number entered
[INFO ] 2023-02-16 15:21:25.243 [main] MyShopV1 - Clicked on Continue button
[INFO ] 2023-02-16 15:21:25.301 [main] MyShopV1 - Enetered password
[INFO ] 2023-02-16 15:21:25.354 [main] MyShopV1 - Clicked on Sign in button
[INFO ] 2023-02-16 15:21:29.009 [main] MyShopV1 - Logged in with registered user
[INFO ] 2023-02-16 15:21:29.309 [main] MyShopV1 - Account and List hover
[INFO ] 2023-02-16 15:21:30.932 [main] MyShopV1 - Sign out button is clicked
[INFO ] 2023-02-16 15:23:53.415 [main] MyShopV1 - Url Opened
[INFO ] 2023-02-16 15:23:53.688 [main] MyShopV1 - Account and List hover
[INFO ] 2023-02-16 15:23:54.369 [main] MyShopV1 - Sign in button is clicked
[INFO ] 2023-02-16 15:23:54.482 [main] MyShopV1 - Email or mobile phone number entered
[INFO ] 2023-02-16 15:23:55.634 [main] MyShopV1 - Clicked on Continue button
[INFO ] 2023-02-16 15:23:55.679 [main] MyShopV1 - Enetered password
[INFO ] 2023-02-16 15:23:55.766 [main] MyShopV1 - Clicked on Sign in button
[INFO ] 2023-02-16 15:23:58.577 [main] MyShopV1 - Logged in with registered user
[INFO ] 2023-02-16 15:23:58.817 [main] MyShopV1 - Account and List hover
[INFO ] 2023-02-16 15:24:00.234 [main] MyShopV1 - Sign out button is clicked
[INFO ] 2023-02-16 15:30:17.650 [main] MyShopV1 - Url Opened
[INFO ] 2023-02-16 15:30:17.828 [main] MyShopV1 - Account and List hover
[INFO ] 2023-02-16 15:30:18.697 [main] MyShopV1 - Sign in button is clicked
[INFO ] 2023-02-16 15:30:18.786 [main] MyShopV1 - Email or mobile phone number entered
[INFO ] 2023-02-16 15:30:19.978 [main] MyShopV1 - Clicked on Continue button
[INFO ] 2023-02-16 15:30:20.025 [main] MyShopV1 - Enetered password
[INFO ] 2023-02-16 15:30:20.082 [main] MyShopV1 - Clicked on Sign in button
[INFO ] 2023-02-16 15:30:22.480 [main] MyShopV1 - Logged in with registered user
[INFO ] 2023-02-16 15:30:22.620 [main] MyShopV1 - Account and List hover
[INFO ] 2023-02-16 15:30:24.099 [main] MyShopV1 - Sign out button is clicked
[INFO ] 2023-02-19 11:33:11.667 [main] MyShopV1 - Url Opened
[INFO ] 2023-02-19 11:33:11.878 [main] MyShopV1 - Account and List hover
[INFO ] 2023-02-19 11:33:12.712 [main] MyShopV1 - Sign in button is clicked
[INFO ] 2023-02-19 11:33:12.797 [main] MyShopV1 - Email or mobile phone number entered
[INFO ] 2023-02-19 11:33:14.006 [main] MyShopV1 - Clicked on Continue button
[INFO ] 2023-02-19 11:33:14.079 [main] MyShopV1 - Enetered password
[INFO ] 2023-02-19 11:33:14.163 [main] MyShopV1 - Clicked on Sign in button
[INFO ] 2023-02-19 11:33:16.874 [main] MyShopV1 - Logged in with registered user
[INFO ] 2023-02-19 11:33:17.071 [main] MyShopV1 - Account and List hover
[INFO ] 2023-02-19 11:33:19.314 [main] MyShopV1 - Sign out button is clicked
